********************************************************************************
*                        Thursday, 04 May 2017 11:40:48                        *
********************************************************************************
CSharpCompilerWrapper.exe version: 2.0.3.30
Platform: Mac
Target assembly: Assembly-CSharp.dll
Project directory: /Users/madv/Documents/3DSynthesis
Target profile directory: /Applications/Unity5.6/Unity.app/Contents/Mono/lib/mono/unity
Unity 'Data' or 'Frameworks' directory: /Applications/Unity5.6/Unity.app/Contents
Compiler: Mono C# 6.0

- Compilation -----------------------------------------------

Process: /usr/local/bin/mono
Arguments: "/Users/madv/Documents/3DSynthesis/CSharp60Support/mcs.exe" -nostdlib+ -noconfig -nologo -r:"/Applications/Unity5.6/Unity.app/Contents/Mono/lib/mono/unity/mscorlib.dll" -r:"/Applications/Unity5.6/Unity.app/Contents/Mono/lib/mono/unity/System.dll" -r:"/Applications/Unity5.6/Unity.app/Contents/Mono/lib/mono/unity/System.Core.dll" -r:"/Applications/Unity5.6/Unity.app/Contents/Mono/lib/mono/unity/System.Xml.dll" @Temp/UnityTempFile-95afdd6052f1e460aa9a2c50fab2655c
Exit code: 0
Elapsed time: 1.41 sec

- Compiler output (0 lines):

- Compiler errors (0 lines):
********************************************************************************
*                        Thursday, 04 May 2017 11:40:50                        *
********************************************************************************
CSharpCompilerWrapper.exe version: 2.0.3.30
Platform: Mac
Target assembly: Assembly-CSharp-Editor-firstpass.dll
Project directory: /Users/madv/Documents/3DSynthesis
Target profile directory: /Applications/Unity5.6/Unity.app/Contents/MonoBleedingEdge/lib/mono/2.0-api
Unity 'Data' or 'Frameworks' directory: /Applications/Unity5.6/Unity.app/Contents
Compiler: Mono C# 6.0

- Compilation -----------------------------------------------

Process: /usr/local/bin/mono
Arguments: "/Users/madv/Documents/3DSynthesis/CSharp60Support/mcs.exe" -nostdlib+ -noconfig -nologo -r:"/Applications/Unity5.6/Unity.app/Contents/MonoBleedingEdge/lib/mono/2.0-api/mscorlib.dll" -r:"/Applications/Unity5.6/Unity.app/Contents/MonoBleedingEdge/lib/mono/2.0-api/System.dll" -r:"/Applications/Unity5.6/Unity.app/Contents/MonoBleedingEdge/lib/mono/2.0-api/System.Core.dll" -r:"/Applications/Unity5.6/Unity.app/Contents/MonoBleedingEdge/lib/mono/2.0-api/System.Xml.dll" @Temp/UnityTempFile-f49b09b17707f456286f0f22b827a50a
Exit code: 0
Elapsed time: 1.09 sec

- Compiler output (0 lines):

- Compiler errors (0 lines):
********************************************************************************
*                        Thursday, 04 May 2017 11:40:55                        *
********************************************************************************
CSharpCompilerWrapper.exe version: 2.0.3.30
Platform: Mac
Target assembly: Assembly-CSharp-Editor.dll
Project directory: /Users/madv/Documents/3DSynthesis
Target profile directory: /Applications/Unity5.6/Unity.app/Contents/MonoBleedingEdge/lib/mono/2.0-api
Unity 'Data' or 'Frameworks' directory: /Applications/Unity5.6/Unity.app/Contents
Compiler: Mono C# 6.0

- Compilation -----------------------------------------------

Process: /usr/local/bin/mono
Arguments: "/Users/madv/Documents/3DSynthesis/CSharp60Support/mcs.exe" -nostdlib+ -noconfig -nologo -r:"/Applications/Unity5.6/Unity.app/Contents/MonoBleedingEdge/lib/mono/2.0-api/mscorlib.dll" -r:"/Applications/Unity5.6/Unity.app/Contents/MonoBleedingEdge/lib/mono/2.0-api/System.dll" -r:"/Applications/Unity5.6/Unity.app/Contents/MonoBleedingEdge/lib/mono/2.0-api/System.Core.dll" -r:"/Applications/Unity5.6/Unity.app/Contents/MonoBleedingEdge/lib/mono/2.0-api/System.Xml.dll" @Temp/UnityTempFile-f8001fd0f6e2c41cdb196ef9a54356fe
Exit code: 0
Elapsed time: 0.62 sec

- Compiler output (0 lines):

- Compiler errors (0 lines):
********************************************************************************
*                        Thursday, 04 May 2017 11:41:38                        *
********************************************************************************
CSharpCompilerWrapper.exe version: 2.0.3.30
Platform: Mac
Target assembly: Assembly-CSharp.dll
Project directory: /Users/madv/Documents/3DSynthesis
Target profile directory: /Applications/Unity5.6/Unity.app/Contents/Mono/lib/mono/unity
Unity 'Data' or 'Frameworks' directory: /Applications/Unity5.6/Unity.app/Contents
Compiler: Mono C# 6.0

- Compilation -----------------------------------------------

Process: /usr/local/bin/mono
Arguments: "/Users/madv/Documents/3DSynthesis/CSharp60Support/mcs.exe" -nostdlib+ -noconfig -nologo -r:"/Applications/Unity5.6/Unity.app/Contents/Mono/lib/mono/unity/mscorlib.dll" -r:"/Applications/Unity5.6/Unity.app/Contents/Mono/lib/mono/unity/System.dll" -r:"/Applications/Unity5.6/Unity.app/Contents/Mono/lib/mono/unity/System.Core.dll" -r:"/Applications/Unity5.6/Unity.app/Contents/Mono/lib/mono/unity/System.Xml.dll" @Temp/UnityTempFile-da426047882264b4da899322a84a1b19
Exit code: 0
Elapsed time: 1.00 sec

- Compiler output (0 lines):

- Compiler errors (0 lines):
********************************************************************************
*                        Thursday, 04 May 2017 11:41:38                        *
********************************************************************************
CSharpCompilerWrapper.exe version: 2.0.3.30
Platform: Mac
Target assembly: Assembly-CSharp-Editor-firstpass.dll
Project directory: /Users/madv/Documents/3DSynthesis
Target profile directory: /Applications/Unity5.6/Unity.app/Contents/MonoBleedingEdge/lib/mono/2.0-api
Unity 'Data' or 'Frameworks' directory: /Applications/Unity5.6/Unity.app/Contents
Compiler: Mono C# 6.0

- Compilation -----------------------------------------------

Process: /usr/local/bin/mono
Arguments: "/Users/madv/Documents/3DSynthesis/CSharp60Support/mcs.exe" -nostdlib+ -noconfig -nologo -r:"/Applications/Unity5.6/Unity.app/Contents/MonoBleedingEdge/lib/mono/2.0-api/mscorlib.dll" -r:"/Applications/Unity5.6/Unity.app/Contents/MonoBleedingEdge/lib/mono/2.0-api/System.dll" -r:"/Applications/Unity5.6/Unity.app/Contents/MonoBleedingEdge/lib/mono/2.0-api/System.Core.dll" -r:"/Applications/Unity5.6/Unity.app/Contents/MonoBleedingEdge/lib/mono/2.0-api/System.Xml.dll" @Temp/UnityTempFile-f89c945a829a74f7592ad972496a32c6
Exit code: 0
Elapsed time: 0.90 sec

- Compiler output (0 lines):

- Compiler errors (0 lines):
********************************************************************************
*                        Thursday, 04 May 2017 11:41:40                        *
********************************************************************************
CSharpCompilerWrapper.exe version: 2.0.3.30
Platform: Mac
Target assembly: Assembly-CSharp-Editor.dll
Project directory: /Users/madv/Documents/3DSynthesis
Target profile directory: /Applications/Unity5.6/Unity.app/Contents/MonoBleedingEdge/lib/mono/2.0-api
Unity 'Data' or 'Frameworks' directory: /Applications/Unity5.6/Unity.app/Contents
Compiler: Mono C# 6.0

- Compilation -----------------------------------------------

Process: /usr/local/bin/mono
Arguments: "/Users/madv/Documents/3DSynthesis/CSharp60Support/mcs.exe" -nostdlib+ -noconfig -nologo -r:"/Applications/Unity5.6/Unity.app/Contents/MonoBleedingEdge/lib/mono/2.0-api/mscorlib.dll" -r:"/Applications/Unity5.6/Unity.app/Contents/MonoBleedingEdge/lib/mono/2.0-api/System.dll" -r:"/Applications/Unity5.6/Unity.app/Contents/MonoBleedingEdge/lib/mono/2.0-api/System.Core.dll" -r:"/Applications/Unity5.6/Unity.app/Contents/MonoBleedingEdge/lib/mono/2.0-api/System.Xml.dll" @Temp/UnityTempFile-84967553083104fb6a1926624c7d472e
Exit code: 0
Elapsed time: 0.60 sec

- Compiler output (0 lines):

- Compiler errors (0 lines):
